[INFO] Scanning for projects...
[INFO] 
[INFO] ---------------------< com.example:control-plane >----------------------
[INFO] Building control-plane 0.0.1-SNAPSHOT
[INFO]   from pom.xml
[INFO] --------------------------------[ jar ]---------------------------------
[INFO] 
[INFO] >>> spring-boot:3.5.3:run (default-cli) > test-compile @ control-plane >>>
[INFO] 
[INFO] --- resources:3.3.1:resources (default-resources) @ control-plane ---
[INFO] Copying 1 resource from src/main/resources to target/classes
[INFO] Copying 6 resources from src/main/resources to target/classes
[INFO] 
[INFO] --- compiler:3.14.0:compile (default-compile) @ control-plane ---
[INFO] Recompiling the module because of changed source code.
[INFO] Compiling 169 source files with javac [debug parameters release 21] to target/classes
[WARNING] /Users/fadzi/tools/gateway/src/main/java/com/example/onboarding/model/Application.java:[25,20] @Builder will ignore the initializing expression entirely. If you want the initializing expression to serve as default, add @Builder.Default. If it is not supposed to be settable during building, make the field final.
[WARNING] /Users/fadzi/tools/gateway/src/main/java/com/example/onboarding/model/Application.java:[107,20] @Builder will ignore the initializing expression entirely. If you want the initializing expression to serve as default, add @Builder.Default. If it is not supposed to be settable during building, make the field final.
[WARNING] /Users/fadzi/tools/gateway/src/main/java/com/example/onboarding/model/Application.java:[113,28] @Builder will ignore the initializing expression entirely. If you want the initializing expression to serve as default, add @Builder.Default. If it is not supposed to be settable during building, make the field final.
[WARNING] /Users/fadzi/tools/gateway/src/main/java/com/example/onboarding/model/Application.java:[116,28] @Builder will ignore the initializing expression entirely. If you want the initializing expression to serve as default, add @Builder.Default. If it is not supposed to be settable during building, make the field final.
[INFO] /Users/fadzi/tools/gateway/src/main/java/com/example/onboarding/service/document/PlatformDetectionService.java: Some input files use or override a deprecated API.
[INFO] /Users/fadzi/tools/gateway/src/main/java/com/example/onboarding/service/document/PlatformDetectionService.java: Recompile with -Xlint:deprecation for details.
[INFO] /Users/fadzi/tools/gateway/src/main/java/com/example/onboarding/service/profile/ProfileFieldRegistryService.java: /Users/fadzi/tools/gateway/src/main/java/com/example/onboarding/service/profile/ProfileFieldRegistryService.java uses unchecked or unsafe operations.
[INFO] /Users/fadzi/tools/gateway/src/main/java/com/example/onboarding/service/profile/ProfileFieldRegistryService.java: Recompile with -Xlint:unchecked for details.
[INFO] 
[INFO] --- resources:3.3.1:testResources (default-testResources) @ control-plane ---
[INFO] skip non existing resourceDirectory /Users/fadzi/tools/gateway/src/test/resources
[INFO] 
[INFO] --- compiler:3.14.0:testCompile (default-testCompile) @ control-plane ---
[INFO] Recompiling the module because of changed dependency.
[INFO] Compiling 2 source files with javac [debug parameters release 21] to target/test-classes
[INFO] /Users/fadzi/tools/gateway/src/test/java/com/example/onboarding/repository/ApplicationMetadataRepositoryImplTest.java: /Users/fadzi/tools/gateway/src/test/java/com/example/onboarding/repository/ApplicationMetadataRepositoryImplTest.java uses unchecked or unsafe operations.
[INFO] /Users/fadzi/tools/gateway/src/test/java/com/example/onboarding/repository/ApplicationMetadataRepositoryImplTest.java: Recompile with -Xlint:unchecked for details.
[INFO] 
[INFO] <<< spring-boot:3.5.3:run (default-cli) < test-compile @ control-plane <<<
[INFO] 
[INFO] 
[INFO] --- spring-boot:3.5.3:run (default-cli) @ control-plane ---
[INFO] Attaching agents: []
2025-08-28T18:58:41.888-04:00  INFO 11962 --- [delivery-unit-backend] [  restartedMain] c.e.onboarding.OnboardingApplication     : Starting OnboardingApplication using Java 21.0.8 with PID 11962 (/Users/fadzi/tools/gateway/target/classes started by fadzi in /Users/fadzi/tools/gateway)
2025-08-28T18:58:41.890-04:00 DEBUG 11962 --- [delivery-unit-backend] [  restartedMain] c.e.onboarding.OnboardingApplication     : Running with Spring Boot v3.5.3, Spring v6.2.8
2025-08-28T18:58:41.891-04:00  INFO 11962 --- [delivery-unit-backend] [  restartedMain] c.e.onboarding.OnboardingApplication     : No active profile set, falling back to 1 default profile: "default"
2025-08-28T18:58:41.917-04:00  INFO 11962 --- [delivery-unit-backend] [  restartedMain] .e.DevToolsPropertyDefaultsPostProcessor : Devtools property defaults active! Set 'spring.devtools.add-properties' to 'false' to disable
2025-08-28T18:58:41.917-04:00  INFO 11962 --- [delivery-unit-backend] [  restartedMain] .e.DevToolsPropertyDefaultsPostProcessor : For additional web related logging consider setting the 'logging.level.web' property to 'DEBUG'
2025-08-28T18:58:42.558-04:00  INFO 11962 --- [delivery-unit-backend] [  restartedMain] .s.d.r.c.RepositoryConfigurationDelegate : Bootstrapping Spring Data JPA repositories in DEFAULT mode.
2025-08-28T18:58:42.638-04:00  INFO 11962 --- [delivery-unit-backend] [  restartedMain] .s.d.r.c.RepositoryConfigurationDelegate : Finished Spring Data repository scanning in 64 ms. Found 1 JPA repository interface.
2025-08-28T18:58:43.090-04:00  INFO 11962 --- [delivery-unit-backend] [  restartedMain] o.s.b.w.embedded.tomcat.TomcatWebServer  : Tomcat initialized with port 8080 (http)
2025-08-28T18:58:43.108-04:00  INFO 11962 --- [delivery-unit-backend] [  restartedMain] o.apache.catalina.core.StandardService   : Starting service [Tomcat]
2025-08-28T18:58:43.108-04:00  INFO 11962 --- [delivery-unit-backend] [  restartedMain] o.apache.catalina.core.StandardEngine    : Starting Servlet engine: [Apache Tomcat/10.1.42]
2025-08-28T18:58:43.134-04:00  INFO 11962 --- [delivery-unit-backend] [  restartedMain] o.a.c.c.C.[Tomcat].[localhost].[/]       : Initializing Spring embedded WebApplicationContext
2025-08-28T18:58:43.135-04:00  INFO 11962 --- [delivery-unit-backend] [  restartedMain] w.s.c.ServletWebServerApplicationContext : Root WebApplicationContext: initialization completed in 1217 ms
2025-08-28T18:58:43.257-04:00  INFO 11962 --- [delivery-unit-backend] [  restartedMain] com.zaxxer.hikari.HikariDataSource       : HikariPool-1 - Starting...
2025-08-28T18:58:43.441-04:00  INFO 11962 --- [delivery-unit-backend] [  restartedMain] com.zaxxer.hikari.pool.HikariPool        : HikariPool-1 - Added connection org.postgresql.jdbc.PgConnection@1795e69c
2025-08-28T18:58:43.442-04:00  INFO 11962 --- [delivery-unit-backend] [  restartedMain] com.zaxxer.hikari.HikariDataSource       : HikariPool-1 - Start completed.
2025-08-28T18:58:43.466-04:00  INFO 11962 --- [delivery-unit-backend] [  restartedMain] o.hibernate.jpa.internal.util.LogHelper  : HHH000204: Processing PersistenceUnitInfo [name: default]
2025-08-28T18:58:43.512-04:00  INFO 11962 --- [delivery-unit-backend] [  restartedMain] org.hibernate.Version                    : HHH000412: Hibernate ORM core version 6.6.18.Final
2025-08-28T18:58:43.550-04:00  INFO 11962 --- [delivery-unit-backend] [  restartedMain] o.h.c.internal.RegionFactoryInitiator    : HHH000026: Second-level cache disabled
2025-08-28T18:58:43.799-04:00  INFO 11962 --- [delivery-unit-backend] [  restartedMain] o.s.o.j.p.SpringPersistenceUnitInfo      : No LoadTimeWeaver setup: ignoring JPA class transformer
2025-08-28T18:58:43.898-04:00  INFO 11962 --- [delivery-unit-backend] [  restartedMain] org.hibernate.orm.connections.pooling    : HHH10001005: Database info:
	Database JDBC URL [Connecting through datasource 'HikariDataSource (HikariPool-1)']
	Database driver: undefined/unknown
	Database version: 16.3
	Autocommit mode: undefined/unknown
	Isolation level: undefined/unknown
	Minimum pool size: undefined/unknown
	Maximum pool size: undefined/unknown
2025-08-28T18:58:44.370-04:00  INFO 11962 --- [delivery-unit-backend] [  restartedMain] o.h.e.t.j.p.i.JtaPlatformInitiator       : HHH000489: No JTA platform available (set 'hibernate.transaction.jta.platform' to enable JTA platform integration)
2025-08-28T18:58:44.371-04:00  INFO 11962 --- [delivery-unit-backend] [  restartedMain] j.LocalContainerEntityManagerFactoryBean : Initialized JPA EntityManagerFactory for persistence unit 'default'
2025-08-28T18:58:44.442-04:00  INFO 11962 --- [delivery-unit-backend] [  restartedMain] c.e.onboarding.integrations.JiraClient   : JiraClient initialized (baseUrl=http://helios:8080) using Bearer token from JIRA_TOKEN
2025-08-28T18:58:44.589-04:00  INFO 11962 --- [delivery-unit-backend] [  restartedMain] c.e.o.s.p.ProfileFieldRegistryService    : Loaded 31 profile field types from registry
2025-08-28T18:58:44.620-04:00  WARN 11962 --- [delivery-unit-backend] [  restartedMain] JpaBaseConfiguration$JpaWebConfiguration : spring.jpa.open-in-view is enabled by default. Therefore, database queries may be performed during view rendering. Explicitly configure spring.jpa.open-in-view to disable this warning
2025-08-28T18:58:44.665-04:00 DEBUG 11962 --- [delivery-unit-backend] [  restartedMain] s.w.s.m.m.a.RequestMappingHandlerMapping : 53 mappings in 'requestMappingHandlerMapping'
2025-08-28T18:58:44.682-04:00 DEBUG 11962 --- [delivery-unit-backend] [  restartedMain] o.s.w.s.handler.SimpleUrlHandlerMapping  : Patterns [/webjars/**, /**] in 'resourceHandlerMapping'
2025-08-28T18:58:44.697-04:00 DEBUG 11962 --- [delivery-unit-backend] [  restartedMain] s.w.s.m.m.a.RequestMappingHandlerAdapter : ControllerAdvice beans: 0 @ModelAttribute, 0 @InitBinder, 1 RequestBodyAdvice, 1 ResponseBodyAdvice
2025-08-28T18:58:44.717-04:00 DEBUG 11962 --- [delivery-unit-backend] [  restartedMain] .m.m.a.ExceptionHandlerExceptionResolver : ControllerAdvice beans: 1 @ExceptionHandler, 1 ResponseBodyAdvice
2025-08-28T18:58:44.749-04:00  WARN 11962 --- [delivery-unit-backend] [  restartedMain] o.s.b.d.a.OptionalLiveReloadServer       : Unable to start LiveReload server
2025-08-28T18:58:44.757-04:00  WARN 11962 --- [delivery-unit-backend] [  restartedMain] ConfigServletWebServerApplicationContext : Exception encountered during context initialization - cancelling refresh attempt: org.springframework.context.ApplicationContextException: Failed to start bean 'webServerStartStop'
2025-08-28T18:58:44.758-04:00  INFO 11962 --- [delivery-unit-backend] [  restartedMain] j.LocalContainerEntityManagerFactoryBean : Closing JPA EntityManagerFactory for persistence unit 'default'
2025-08-28T18:58:44.759-04:00  INFO 11962 --- [delivery-unit-backend] [  restartedMain] com.zaxxer.hikari.HikariDataSource       : HikariPool-1 - Shutdown initiated...
2025-08-28T18:58:44.760-04:00  INFO 11962 --- [delivery-unit-backend] [  restartedMain] com.zaxxer.hikari.HikariDataSource       : HikariPool-1 - Shutdown completed.
2025-08-28T18:58:44.772-04:00  INFO 11962 --- [delivery-unit-backend] [  restartedMain] .s.b.a.l.ConditionEvaluationReportLogger : 

Error starting ApplicationContext. To display the condition evaluation report re-run your application with 'debug' enabled.
2025-08-28T18:58:44.795-04:00 ERROR 11962 --- [delivery-unit-backend] [  restartedMain] o.s.b.d.LoggingFailureAnalysisReporter   : 

***************************
APPLICATION FAILED TO START
***************************

Description:

Web server failed to start. Port 8080 was already in use.

Action:

Identify and stop the process that's listening on port 8080 or configure this application to listen on another port.

[INFO] ------------------------------------------------------------------------
[INFO] BUILD SUCCESS
[INFO] ------------------------------------------------------------------------
[INFO] Total time:  8.636 s
[INFO] Finished at: 2025-08-28T18:58:44-04:00
[INFO] ------------------------------------------------------------------------
